# JRE version: Java(TM) SE Runtime Environment (15.0.1+9) (build 15.0.1+9-18)
# Java VM: Java HotSpot(TM) 64-Bit Server VM (15.0.1+9-18, mixed mode, sharing, tiered, compressed oops, g1 gc, windows-amd64)
GC Precious Log:
 CPUs: 12 total, 12 available
 Memory: 32694M
 Large Page Support: Disabled
 NUMA Support: Disabled
 Compressed Oops: Enabled (Zero based)
 Heap Region Size: 4M
 Heap Min Capacity: 8M
 Heap Initial Capacity: 512M
 Heap Max Capacity: 8176M
 Pre-touch: Disabled
 Parallel Workers: 10
 Concurrent Workers: 3
 Concurrent Refinement Workers: 10
 Periodic GC: Disabled
Heap:
 garbage-first heap   total 524288K, used 280135K [0x0000000601000000, 0x0000000800000000)
  region size 4096K, 62 young (253952K), 7 survivors (28672K)
 Metaspace       used 5048K, capacity 5162K, committed 5248K, reserved 1056768K
  class space    used 545K, capacity 608K, committed 640K, reserved 1048576K
GC Heap History (14 events):
Event: 1.084 GC heap before
{Heap before GC invocations=0 (full 0):
 garbage-first heap   total 524288K, used 20480K [0x0000000601000000, 0x0000000800000000)
  region size 4096K, 6 young (24576K), 0 survivors (0K)
 Metaspace       used 5021K, capacity 5162K, committed 5248K, reserved 1056768K
  class space    used 543K, capacity 608K, committed 640K, reserved 1048576K
}
Event: 1.087 GC heap after
{Heap after GC invocations=1 (full 0):
 garbage-first heap   total 524288K, used 3820K [0x0000000601000000, 0x0000000800000000)
  region size 4096K, 1 young (4096K), 1 survivors (4096K)
 Metaspace       used 5021K, capacity 5162K, committed 5248K, reserved 1056768K
  class space    used 543K, capacity 608K, committed 640K, reserved 1048576K
}
Event: 1.103 GC heap before
{Heap before GC invocations=1 (full 0):
 garbage-first heap   total 524288K, used 28396K [0x0000000601000000, 0x0000000800000000)
  region size 4096K, 7 young (28672K), 1 survivors (4096K)
 Metaspace       used 5028K, capacity 5162K, committed 5248K, reserved 1056768K
  class space    used 543K, capacity 608K, committed 640K, reserved 1048576K
}
Event: 1.106 GC heap after
{Heap after GC invocations=2 (full 0):
 garbage-first heap   total 524288K, used 4672K [0x0000000601000000, 0x0000000800000000)
  region size 4096K, 1 young (4096K), 1 survivors (4096K)
 Metaspace       used 5028K, capacity 5162K, committed 5248K, reserved 1056768K
  class space    used 543K, capacity 608K, committed 640K, reserved 1048576K
}
Event: 1.147 GC heap before
{Heap before GC invocations=2 (full 0):
 garbage-first heap   total 524288K, used 66112K [0x0000000601000000, 0x0000000800000000)
  region size 4096K, 16 young (65536K), 1 survivors (4096K)
 Metaspace       used 5033K, capacity 5162K, committed 5248K, reserved 1056768K
  class space    used 543K, capacity 608K, committed 640K, reserved 1048576K
}
Event: 1.149 GC heap after
{Heap after GC invocations=3 (full 0):
 garbage-first heap   total 524288K, used 6870K [0x0000000601000000, 0x0000000800000000)
  region size 4096K, 1 young (4096K), 1 survivors (4096K)
 Metaspace       used 5033K, capacity 5162K, committed 5248K, reserved 1056768K
  class space    used 543K, capacity 608K, committed 640K, reserved 1048576K
}
Event: 1.353 GC heap before
{Heap before GC invocations=3 (full 0):
 garbage-first heap   total 524288K, used 314070K [0x0000000601000000, 0x0000000800000000)
  region size 4096K, 76 young (311296K), 1 survivors (4096K)
 Metaspace       used 5033K, capacity 5162K, committed 5248K, reserved 1056768K
  class space    used 543K, capacity 608K, committed 640K, reserved 1048576K
}
Event: 1.357 GC heap after
{Heap after GC invocations=4 (full 0):
 garbage-first heap   total 524288K, used 18815K [0x0000000601000000, 0x0000000800000000)
  region size 4096K, 4 young (16384K), 4 survivors (16384K)
 Metaspace       used 5033K, capacity 5162K, committed 5248K, reserved 1056768K
  class space    used 543K, capacity 608K, committed 640K, reserved 1048576K
}
Event: 1.477 GC heap before
{Heap before GC invocations=4 (full 0):
 garbage-first heap   total 524288K, used 313727K [0x0000000601000000, 0x0000000800000000)
  region size 4096K, 76 young (311296K), 4 survivors (16384K)
 Metaspace       used 5034K, capacity 5162K, committed 5248K, reserved 1056768K
  class space    used 543K, capacity 608K, committed 640K, reserved 1048576K
}
Event: 1.484 GC heap after
{Heap after GC invocations=5 (full 0):
 garbage-first heap   total 524288K, used 31883K [0x0000000601000000, 0x0000000800000000)
  region size 4096K, 7 young (28672K), 7 survivors (28672K)
 Metaspace       used 5034K, capacity 5162K, committed 5248K, reserved 1056768K
  class space    used 543K, capacity 608K, committed 640K, reserved 1048576K
}
Event: 1.597 GC heap before
{Heap before GC invocations=5 (full 0):
 garbage-first heap   total 524288K, used 314507K [0x0000000601000000, 0x0000000800000000)
  region size 4096K, 76 young (311296K), 7 survivors (28672K)
 Metaspace       used 5034K, capacity 5162K, committed 5248K, reserved 1056768K
  class space    used 543K, capacity 608K, committed 640K, reserved 1048576K
}
Event: 1.607 GC heap after
{Heap after GC invocations=6 (full 0):
 garbage-first heap   total 524288K, used 44668K [0x0000000601000000, 0x0000000800000000)
  region size 4096K, 7 young (28672K), 7 survivors (28672K)
 Metaspace       used 5034K, capacity 5162K, committed 5248K, reserved 1056768K
  class space    used 543K, capacity 608K, committed 640K, reserved 1048576K
}
Event: 1.720 GC heap before
{Heap before GC invocations=6 (full 0):
 garbage-first heap   total 524288K, used 327292K [0x0000000601000000, 0x0000000800000000)
  region size 4096K, 76 young (311296K), 7 survivors (28672K)
 Metaspace       used 5034K, capacity 5162K, committed 5248K, reserved 1056768K
  class space    used 543K, capacity 608K, committed 640K, reserved 1048576K
}
Event: 1.729 GC heap after
{Heap after GC invocations=7 (full 0):
 garbage-first heap   total 524288K, used 58951K [0x0000000601000000, 0x0000000800000000)
  region size 4096K, 7 young (28672K), 7 survivors (28672K)
 Metaspace       used 5034K, capacity 5162K, committed 5248K, reserved 1056768K
  class space    used 543K, capacity 608K, committed 640K, reserved 1048576K
}

