# JRE version: Java(TM) SE Runtime Environment (15.0.1+9) (build 15.0.1+9-18)
# Java VM: Java HotSpot(TM) 64-Bit Server VM (15.0.1+9-18, mixed mode, sharing, tiered, compressed oops, g1 gc, windows-amd64)
GC Precious Log:
 CPUs: 12 total, 12 available
 Memory: 32694M
 Large Page Support: Disabled
 NUMA Support: Disabled
 Compressed Oops: Enabled (Zero based)
 Heap Region Size: 4M
 Heap Min Capacity: 8M
 Heap Initial Capacity: 512M
 Heap Max Capacity: 8176M
 Pre-touch: Disabled
 Parallel Workers: 10
 Concurrent Workers: 3
 Concurrent Refinement Workers: 10
 Periodic GC: Disabled
Heap:
 garbage-first heap   total 667648K, used 97308K [0x0000000601000000, 0x0000000800000000)
  region size 4096K, 14 young (57344K), 7 survivors (28672K)
 Metaspace       used 5046K, capacity 5162K, committed 5248K, reserved 1056768K
  class space    used 545K, capacity 608K, committed 640K, reserved 1048576K
GC Heap History (16 events):
Event: 1.155 GC heap before
{Heap before GC invocations=0 (full 0):
 garbage-first heap   total 524288K, used 20480K [0x0000000601000000, 0x0000000800000000)
  region size 4096K, 6 young (24576K), 0 survivors (0K)
 Metaspace       used 4979K, capacity 5156K, committed 5248K, reserved 1056768K
  class space    used 538K, capacity 606K, committed 640K, reserved 1048576K
}
Event: 1.158 GC heap after
{Heap after GC invocations=1 (full 0):
 garbage-first heap   total 524288K, used 3761K [0x0000000601000000, 0x0000000800000000)
  region size 4096K, 1 young (4096K), 1 survivors (4096K)
 Metaspace       used 4979K, capacity 5156K, committed 5248K, reserved 1056768K
  class space    used 538K, capacity 606K, committed 640K, reserved 1048576K
}
Event: 1.176 GC heap before
{Heap before GC invocations=1 (full 0):
 garbage-first heap   total 524288K, used 28337K [0x0000000601000000, 0x0000000800000000)
  region size 4096K, 7 young (28672K), 1 survivors (4096K)
 Metaspace       used 4986K, capacity 5156K, committed 5248K, reserved 1056768K
  class space    used 538K, capacity 606K, committed 640K, reserved 1048576K
}
Event: 1.179 GC heap after
{Heap after GC invocations=2 (full 0):
 garbage-first heap   total 524288K, used 4680K [0x0000000601000000, 0x0000000800000000)
  region size 4096K, 1 young (4096K), 1 survivors (4096K)
 Metaspace       used 4986K, capacity 5156K, committed 5248K, reserved 1056768K
  class space    used 538K, capacity 606K, committed 640K, reserved 1048576K
}
Event: 1.217 GC heap before
{Heap before GC invocations=2 (full 0):
 garbage-first heap   total 524288K, used 66120K [0x0000000601000000, 0x0000000800000000)
  region size 4096K, 16 young (65536K), 1 survivors (4096K)
 Metaspace       used 4992K, capacity 5156K, committed 5248K, reserved 1056768K
  class space    used 538K, capacity 606K, committed 640K, reserved 1048576K
}
Event: 1.219 GC heap after
{Heap after GC invocations=3 (full 0):
 garbage-first heap   total 524288K, used 6682K [0x0000000601000000, 0x0000000800000000)
  region size 4096K, 1 young (4096K), 1 survivors (4096K)
 Metaspace       used 4992K, capacity 5156K, committed 5248K, reserved 1056768K
  class space    used 538K, capacity 606K, committed 640K, reserved 1048576K
}
Event: 1.396 GC heap before
{Heap before GC invocations=3 (full 0):
 garbage-first heap   total 524288K, used 313882K [0x0000000601000000, 0x0000000800000000)
  region size 4096K, 76 young (311296K), 1 survivors (4096K)
 Metaspace       used 5032K, capacity 5162K, committed 5248K, reserved 1056768K
  class space    used 543K, capacity 608K, committed 640K, reserved 1048576K
}
Event: 1.400 GC heap after
{Heap after GC invocations=4 (full 0):
 garbage-first heap   total 524288K, used 18540K [0x0000000601000000, 0x0000000800000000)
  region size 4096K, 4 young (16384K), 4 survivors (16384K)
 Metaspace       used 5032K, capacity 5162K, committed 5248K, reserved 1056768K
  class space    used 543K, capacity 608K, committed 640K, reserved 1048576K
}
Event: 1.518 GC heap before
{Heap before GC invocations=4 (full 0):
 garbage-first heap   total 524288K, used 313452K [0x0000000601000000, 0x0000000800000000)
  region size 4096K, 76 young (311296K), 4 survivors (16384K)
 Metaspace       used 5032K, capacity 5162K, committed 5248K, reserved 1056768K
  class space    used 543K, capacity 608K, committed 640K, reserved 1048576K
}
Event: 1.525 GC heap after
{Heap after GC invocations=5 (full 0):
 garbage-first heap   total 524288K, used 31550K [0x0000000601000000, 0x0000000800000000)
  region size 4096K, 7 young (28672K), 7 survivors (28672K)
 Metaspace       used 5032K, capacity 5162K, committed 5248K, reserved 1056768K
  class space    used 543K, capacity 608K, committed 640K, reserved 1048576K
}
Event: 1.639 GC heap before
{Heap before GC invocations=5 (full 0):
 garbage-first heap   total 524288K, used 314174K [0x0000000601000000, 0x0000000800000000)
  region size 4096K, 76 young (311296K), 7 survivors (28672K)
 Metaspace       used 5032K, capacity 5162K, committed 5248K, reserved 1056768K
  class space    used 543K, capacity 608K, committed 640K, reserved 1048576K
}
Event: 1.649 GC heap after
{Heap after GC invocations=6 (full 0):
 garbage-first heap   total 524288K, used 44433K [0x0000000601000000, 0x0000000800000000)
  region size 4096K, 7 young (28672K), 7 survivors (28672K)
 Metaspace       used 5032K, capacity 5162K, committed 5248K, reserved 1056768K
  class space    used 543K, capacity 608K, committed 640K, reserved 1048576K
}
Event: 1.761 GC heap before
{Heap before GC invocations=6 (full 0):
 garbage-first heap   total 524288K, used 327057K [0x0000000601000000, 0x0000000800000000)
  region size 4096K, 76 young (311296K), 7 survivors (28672K)
 Metaspace       used 5032K, capacity 5162K, committed 5248K, reserved 1056768K
  class space    used 543K, capacity 608K, committed 640K, reserved 1048576K
}
Event: 1.769 GC heap after
{Heap after GC invocations=7 (full 0):
 garbage-first heap   total 524288K, used 58206K [0x0000000601000000, 0x0000000800000000)
  region size 4096K, 7 young (28672K), 7 survivors (28672K)
 Metaspace       used 5032K, capacity 5162K, committed 5248K, reserved 1056768K
  class space    used 543K, capacity 608K, committed 640K, reserved 1048576K
}
Event: 1.883 GC heap before
{Heap before GC invocations=7 (full 0):
 garbage-first heap   total 524288K, used 340830K [0x0000000601000000, 0x0000000800000000)
  region size 4096K, 76 young (311296K), 7 survivors (28672K)
 Metaspace       used 5032K, capacity 5162K, committed 5248K, reserved 1056768K
  class space    used 543K, capacity 608K, committed 640K, reserved 1048576K
}
Event: 1.893 GC heap after
{Heap after GC invocations=8 (full 0):
 garbage-first heap   total 667648K, used 72732K [0x0000000601000000, 0x0000000800000000)
  region size 4096K, 7 young (28672K), 7 survivors (28672K)
 Metaspace       used 5032K, capacity 5162K, committed 5248K, reserved 1056768K
  class space    used 543K, capacity 608K, committed 640K, reserved 1048576K
}

